\BOOKMARK [0][]{chapter.1}{Introducción}{}% 1
\BOOKMARK [1][]{section.1.1}{Antecedentes}{chapter.1}% 2
\BOOKMARK [0][]{chapter.2}{Alcance}{}% 3
\BOOKMARK [0][]{chapter.3}{Definición de objetivos}{}% 4
\BOOKMARK [0][]{chapter.4}{Producto\040final}{}% 5
\BOOKMARK [0][]{chapter.5}{Metodología}{}% 6
\BOOKMARK [1][]{section.5.1}{Tareas}{chapter.5}% 7
\BOOKMARK [2][]{subsection.5.1.1}{T1\040-\040Requisitos}{section.5.1}% 8
\BOOKMARK [2][]{subsection.5.1.2}{T2\040-\040Nube\040de\040conductores}{section.5.1}% 9
\BOOKMARK [2][]{subsection.5.1.3}{T3\040-\040App\040de\040ciclistas}{section.5.1}% 10
\BOOKMARK [2][]{subsection.5.1.4}{T4\040-\040Aplicaciones\040vehiculares}{section.5.1}% 11
\BOOKMARK [2][]{subsection.5.1.5}{T5 - Validación}{section.5.1}% 12
\BOOKMARK [2][]{subsection.5.1.6}{T6\040-\040Estudios\040adjuntos}{section.5.1}% 13
\BOOKMARK [2][]{subsection.5.1.7}{T7 - Grabación de DEMO}{section.5.1}% 14
\BOOKMARK [0][]{chapter.6}{Planificación: fases y calendario}{}% 15
\BOOKMARK [0][]{chapter.7}{Presupuestos}{}% 16
\BOOKMARK [0][]{appendix.Alph1}{Apéndice}{}% 17
\BOOKMARK [1][]{section.Alph1.1}{Código fuente del funcionamiento de mensajes GCM}{appendix.Alph1}% 18
\BOOKMARK [1][]{section.Alph1.2}{Código fuente Casco BLE}{appendix.Alph1}% 19
\BOOKMARK [1][]{section.Alph1.3}{Posición vehicular relativa}{appendix.Alph1}% 20
\BOOKMARK [1][]{section.Alph1.4}{Posición vehicular relativa}{appendix.Alph1}% 21
\BOOKMARK [2][]{subsection.Alph1.4.1}{GATT}{section.Alph1.4}% 22
\BOOKMARK [2][]{subsection.Alph1.4.2}{UUID}{section.Alph1.4}% 23
\BOOKMARK [1][]{section.Alph1.5}{Open-XC}{appendix.Alph1}% 24
